Flow report for FPGACode
Mon Nov  3 22:18:13 2025
Quartus Prime Version 24.1std.0 Build 1077 03/04/2025 SC Lite Edition


---------------------
; Table of Contents ;
---------------------
  1. Legal Notice
  2. Flow Summary
  3. Flow Settings
  4. Flow Non-Default Global Settings
  5. Flow Elapsed Time
  6. Flow OS Summary
  7. Flow Log
  8. Flow Messages
  9. Flow Suppressed Messages



----------------
; Legal Notice ;
----------------
Copyright (C) 2025  Altera Corporation. All rights reserved.
Your use of Altera Corporation's design tools, logic functions 
and other software and tools, and any partner logic 
functions, and any output files from any of the foregoing 
(including device programming or simulation files), and any 
associated documentation or information are expressly subject 
to the terms and conditions of the Altera Program License 
Subscription Agreement, the Altera Quartus Prime License Agreement,
the Altera IP License Agreement, or other applicable license
agreement, including, without limitation, that your use is for
the sole purpose of programming logic devices manufactured by
Altera and sold by Altera or its authorized distributors.  Please
refer to the Altera Software License Subscription Agreements 
on the Quartus Prime software download page.



+--------------------------------------------------------------------------------------+
; Flow Summary                                                                         ;
+------------------------------------+-------------------------------------------------+
; Flow Status                        ; Successful - Mon Nov  3 22:18:13 2025           ;
; Quartus Prime Version              ; 24.1std.0 Build 1077 03/04/2025 SC Lite Edition ;
; Revision Name                      ; FPGACode                                        ;
; Top-level Entity Name              ; ethernet_switch                                 ;
; Family                             ; Cyclone IV E                                    ;
; Device                             ; EP4CE6E22C8                                     ;
; Timing Models                      ; Final                                           ;
; Total logic elements               ; 3,264 / 6,272 ( 52 % )                          ;
;     Total combinational functions  ; 2,635 / 6,272 ( 42 % )                          ;
;     Dedicated logic registers      ; 2,122 / 6,272 ( 34 % )                          ;
; Total registers                    ; 2122                                            ;
; Total pins                         ; 37 / 92 ( 40 % )                                ;
; Total virtual pins                 ; 0                                               ;
; Total memory bits                  ; 178,176 / 276,480 ( 64 % )                      ;
; Embedded Multiplier 9-bit elements ; 0 / 30 ( 0 % )                                  ;
; Total PLLs                         ; 1 / 2 ( 50 % )                                  ;
+------------------------------------+-------------------------------------------------+


+-----------------------------------------+
; Flow Settings                           ;
+-------------------+---------------------+
; Option            ; Setting             ;
+-------------------+---------------------+
; Start date & time ; 11/03/2025 22:17:23 ;
; Main task         ; Compilation         ;
; Revision Name     ; FPGACode            ;
+-------------------+---------------------+


+-------------------------------------------------------------------------------------------------------------------------------------------------------------------------------------------------------------------------------------------------------------------------+
; Flow Non-Default Global Settings                                                                                                                                                                                                                                        ;
+-------------------------------------+-------------------------------------------------------------------------------------------------------------------------------------------------------------+---------------+-----------------+-----------------------------------+
; Assignment Name                     ; Value                                                                                                                                                       ; Default Value ; Entity Name     ; Section Id                        ;
+-------------------------------------+-------------------------------------------------------------------------------------------------------------------------------------------------------------+---------------+-----------------+-----------------------------------+
; COMPILER_SIGNATURE_ID               ; 190211758899539.176216864317684                                                                                                                             ; --            ; --              ; --                                ;
; EDA_GENERATE_FUNCTIONAL_NETLIST     ; Off                                                                                                                                                         ; --            ; --              ; eda_board_design_timing           ;
; EDA_GENERATE_FUNCTIONAL_NETLIST     ; Off                                                                                                                                                         ; --            ; --              ; eda_board_design_boundary_scan    ;
; EDA_GENERATE_FUNCTIONAL_NETLIST     ; Off                                                                                                                                                         ; --            ; --              ; eda_board_design_signal_integrity ;
; EDA_GENERATE_FUNCTIONAL_NETLIST     ; Off                                                                                                                                                         ; --            ; --              ; eda_board_design_symbol           ;
; EDA_OUTPUT_DATA_FORMAT              ; Vhdl                                                                                                                                                        ; --            ; --              ; eda_simulation                    ;
; EDA_SIMULATION_TOOL                 ; Questa Intel FPGA (VHDL)                                                                                                                                    ; <None>        ; --              ; --                                ;
; EDA_TIME_SCALE                      ; 1 ps                                                                                                                                                        ; --            ; --              ; eda_simulation                    ;
; ENABLE_SIGNALTAP                    ; On                                                                                                                                                          ; --            ; --              ; --                                ;
; IOBANK_VCCIO                        ; 3.3V                                                                                                                                                        ; --            ; --              ; 5                                 ;
; MAX_CORE_JUNCTION_TEMP              ; 85                                                                                                                                                          ; --            ; --              ; --                                ;
; MIN_CORE_JUNCTION_TEMP              ; 0                                                                                                                                                           ; --            ; --              ; --                                ;
; MISC_FILE                           ; pll_main.ppf                                                                                                                                                ; --            ; --              ; --                                ;
; NOMINAL_CORE_SUPPLY_VOLTAGE         ; 1.2V                                                                                                                                                        ; --            ; --              ; --                                ;
; PARTITION_COLOR                     ; -- (Not supported for targeted family)                                                                                                                      ; --            ; ethernet_switch ; Top                               ;
; PARTITION_FITTER_PRESERVATION_LEVEL ; -- (Not supported for targeted family)                                                                                                                      ; --            ; ethernet_switch ; Top                               ;
; PARTITION_NETLIST_TYPE              ; -- (Not supported for targeted family)                                                                                                                      ; --            ; ethernet_switch ; Top                               ;
; POWER_BOARD_THERMAL_MODEL           ; None (CONSERVATIVE)                                                                                                                                         ; --            ; --              ; --                                ;
; POWER_PRESET_COOLING_SOLUTION       ; 23 MM HEAT SINK WITH 200 LFPM AIRFLOW                                                                                                                       ; --            ; --              ; --                                ;
; PROJECT_OUTPUT_DIRECTORY            ; output_files                                                                                                                                                ; --            ; --              ; --                                ;
; SLD_FILE                            ; db/stla_auto_stripped.stp                                                                                                                                   ; --            ; --              ; --                                ;
; SLD_NODE_CREATOR_ID                 ; 110                                                                                                                                                         ; --            ; --              ; ringbuffer                        ;
; SLD_NODE_ENTITY_NAME                ; sld_signaltap                                                                                                                                               ; --            ; --              ; ringbuffer                        ;
; SLD_NODE_PARAMETER_ASSIGNMENT       ; SLD_RAM_BLOCK_TYPE=AUTO                                                                                                                                     ; --            ; --              ; ringbuffer                        ;
; SLD_NODE_PARAMETER_ASSIGNMENT       ; SLD_NODE_INFO=805334530                                                                                                                                     ; --            ; --              ; ringbuffer                        ;
; SLD_NODE_PARAMETER_ASSIGNMENT       ; SLD_POWER_UP_TRIGGER=0                                                                                                                                      ; --            ; --              ; ringbuffer                        ;
; SLD_NODE_PARAMETER_ASSIGNMENT       ; SLD_STORAGE_QUALIFIER_INVERSION_MASK_LENGTH=0                                                                                                               ; --            ; --              ; ringbuffer                        ;
; SLD_NODE_PARAMETER_ASSIGNMENT       ; SLD_ATTRIBUTE_MEM_MODE=OFF                                                                                                                                  ; --            ; --              ; ringbuffer                        ;
; SLD_NODE_PARAMETER_ASSIGNMENT       ; SLD_STATE_FLOW_USE_GENERATED=0                                                                                                                              ; --            ; --              ; ringbuffer                        ;
; SLD_NODE_PARAMETER_ASSIGNMENT       ; SLD_STATE_BITS=11                                                                                                                                           ; --            ; --              ; ringbuffer                        ;
; SLD_NODE_PARAMETER_ASSIGNMENT       ; SLD_BUFFER_FULL_STOP=1                                                                                                                                      ; --            ; --              ; ringbuffer                        ;
; SLD_NODE_PARAMETER_ASSIGNMENT       ; SLD_CURRENT_RESOURCE_WIDTH=1                                                                                                                                ; --            ; --              ; ringbuffer                        ;
; SLD_NODE_PARAMETER_ASSIGNMENT       ; SLD_INCREMENTAL_ROUTING=1                                                                                                                                   ; --            ; --              ; ringbuffer                        ;
; SLD_NODE_PARAMETER_ASSIGNMENT       ; SLD_TRIGGER_LEVEL=1                                                                                                                                         ; --            ; --              ; ringbuffer                        ;
; SLD_NODE_PARAMETER_ASSIGNMENT       ; SLD_TRIGGER_IN_ENABLED=1                                                                                                                                    ; --            ; --              ; ringbuffer                        ;
; SLD_NODE_PARAMETER_ASSIGNMENT       ; SLD_TRIGGER_PIPELINE=0                                                                                                                                      ; --            ; --              ; ringbuffer                        ;
; SLD_NODE_PARAMETER_ASSIGNMENT       ; SLD_RAM_PIPELINE=0                                                                                                                                          ; --            ; --              ; ringbuffer                        ;
; SLD_NODE_PARAMETER_ASSIGNMENT       ; SLD_COUNTER_PIPELINE=0                                                                                                                                      ; --            ; --              ; ringbuffer                        ;
; SLD_NODE_PARAMETER_ASSIGNMENT       ; SLD_ADVANCED_TRIGGER_ENTITY=basic,1,                                                                                                                        ; --            ; --              ; ringbuffer                        ;
; SLD_NODE_PARAMETER_ASSIGNMENT       ; SLD_TRIGGER_LEVEL_PIPELINE=1                                                                                                                                ; --            ; --              ; ringbuffer                        ;
; SLD_NODE_PARAMETER_ASSIGNMENT       ; SLD_ENABLE_ADVANCED_TRIGGER=0                                                                                                                               ; --            ; --              ; ringbuffer                        ;
; SLD_NODE_PARAMETER_ASSIGNMENT       ; SLD_DATA_BITS=37                                                                                                                                            ; --            ; --              ; ringbuffer                        ;
; SLD_NODE_PARAMETER_ASSIGNMENT       ; SLD_TRIGGER_BITS=37                                                                                                                                         ; --            ; --              ; ringbuffer                        ;
; SLD_NODE_PARAMETER_ASSIGNMENT       ; SLD_STORAGE_QUALIFIER_BITS=37                                                                                                                               ; --            ; --              ; ringbuffer                        ;
; SLD_NODE_PARAMETER_ASSIGNMENT       ; SLD_INVERSION_MASK=0000000000000000000000000000000000000000000000000000000000000000000000000000000000000000000000000000000000000000000000000000000000000000 ; --            ; --              ; ringbuffer                        ;
; SLD_NODE_PARAMETER_ASSIGNMENT       ; SLD_INVERSION_MASK_LENGTH=136                                                                                                                               ; --            ; --              ; ringbuffer                        ;
; SLD_NODE_PARAMETER_ASSIGNMENT       ; SLD_SEGMENT_SIZE=2048                                                                                                                                       ; --            ; --              ; ringbuffer                        ;
; SLD_NODE_PARAMETER_ASSIGNMENT       ; SLD_SAMPLE_DEPTH=2048                                                                                                                                       ; --            ; --              ; ringbuffer                        ;
; TOP_LEVEL_ENTITY                    ; ethernet_switch                                                                                                                                             ; FPGACode      ; --              ; --                                ;
; USE_SIGNALTAP_FILE                  ; stla.stp                                                                                                                                                    ; --            ; --              ; --                                ;
+-------------------------------------+-------------------------------------------------------------------------------------------------------------------------------------------------------------+---------------+-----------------+-----------------------------------+


+--------------------------------------------------------------------------------------------------------------------------+
; Flow Elapsed Time                                                                                                        ;
+----------------------+--------------+-------------------------+---------------------+------------------------------------+
; Module Name          ; Elapsed Time ; Average Processors Used ; Peak Virtual Memory ; Total CPU Time (on all processors) ;
+----------------------+--------------+-------------------------+---------------------+------------------------------------+
; Analysis & Synthesis ; 00:00:32     ; 1.0                     ; 4939 MB             ; 00:00:51                           ;
; Fitter               ; 00:00:09     ; 1.5                     ; 6561 MB             ; 00:00:19                           ;
; Assembler            ; 00:00:02     ; 1.0                     ; 4697 MB             ; 00:00:01                           ;
; Timing Analyzer      ; 00:00:02     ; 1.6                     ; 4969 MB             ; 00:00:02                           ;
; EDA Netlist Writer   ; 00:00:02     ; 1.0                     ; 4671 MB             ; 00:00:01                           ;
; Total                ; 00:00:47     ; --                      ; --                  ; 00:01:14                           ;
+----------------------+--------------+-------------------------+---------------------+------------------------------------+


+------------------------------------------------------------------------------------+
; Flow OS Summary                                                                    ;
+----------------------+------------------+------------+------------+----------------+
; Module Name          ; Machine Hostname ; OS Name    ; OS Version ; Processor type ;
+----------------------+------------------+------------+------------+----------------+
; Analysis & Synthesis ; WIN-UQQF09ASK8R  ; Windows 10 ; 10.0       ; x86_64         ;
; Fitter               ; WIN-UQQF09ASK8R  ; Windows 10 ; 10.0       ; x86_64         ;
; Assembler            ; WIN-UQQF09ASK8R  ; Windows 10 ; 10.0       ; x86_64         ;
; Timing Analyzer      ; WIN-UQQF09ASK8R  ; Windows 10 ; 10.0       ; x86_64         ;
; EDA Netlist Writer   ; WIN-UQQF09ASK8R  ; Windows 10 ; 10.0       ; x86_64         ;
+----------------------+------------------+------------+------------+----------------+


------------
; Flow Log ;
------------
quartus_map --read_settings_files=on --write_settings_files=off FPGACode -c FPGACode
quartus_fit --read_settings_files=off --write_settings_files=off FPGACode -c FPGACode
quartus_asm --read_settings_files=off --write_settings_files=off FPGACode -c FPGACode
quartus_sta FPGACode -c FPGACode
quartus_eda --read_settings_files=off --write_settings_files=off FPGACode -c FPGACode



